<?xml version="1.0" encoding="UTF-8"?>
<coverage generated="1774540057102" clover="3.2.0">
  <project timestamp="1774540057102" name="All files">
    <metrics statements="267" coveredstatements="243" conditionals="100" coveredconditionals="82" methods="14" coveredmethods="13" elements="381" coveredelements="338" complexity="0" loc="267" ncloc="267" packages="1" files="4" classes="4"/>
    <file name="useJobPolling.ts" path="/home/rem/repos/LizyML-Widget/js/src/hooks/useJobPolling.ts">
      <metrics statements="116" coveredstatements="108" conditionals="38" coveredconditionals="27" methods="2" coveredmethods="2"/>
      <line num="1" count="1" type="stmt"/>
      <line num="31" count="1" type="stmt"/>
      <line num="32" count="1" type="stmt"/>
      <line num="34" count="1" type="stmt"/>
      <line num="42" count="2" type="cond" truecount="1" falsecount="0"/>
      <line num="43" count="2" type="stmt"/>
      <line num="44" count="2" type="stmt"/>
      <line num="46" count="2" type="cond" truecount="2" falsecount="0"/>
      <line num="48" count="1" type="stmt"/>
      <line num="49" count="1" type="stmt"/>
      <line num="50" count="1" type="stmt"/>
      <line num="52" count="2" type="cond" truecount="0" falsecount="1"/>
      <line num="53" count="2" type="cond" truecount="1" falsecount="0"/>
      <line num="54" count="1" type="stmt"/>
      <line num="55" count="1" type="cond" truecount="0" falsecount="1"/>
      <line num="56" count="0" type="stmt"/>
      <line num="57" count="0" type="stmt"/>
      <line num="58" count="2" type="stmt"/>
      <line num="60" count="1" type="stmt"/>
      <line num="62" count="1" type="cond" truecount="1" falsecount="0"/>
      <line num="63" count="33" type="stmt"/>
      <line num="64" count="33" type="stmt"/>
      <line num="65" count="33" type="stmt"/>
      <line num="66" count="33" type="stmt"/>
      <line num="67" count="33" type="stmt"/>
      <line num="68" count="33" type="stmt"/>
      <line num="69" count="33" type="stmt"/>
      <line num="70" count="33" type="stmt"/>
      <line num="71" count="33" type="stmt"/>
      <line num="72" count="33" type="stmt"/>
      <line num="73" count="33" type="stmt"/>
      <line num="74" count="33" type="stmt"/>
      <line num="77" count="33" type="cond" truecount="1" falsecount="0"/>
      <line num="78" count="8" type="cond" truecount="0" falsecount="1"/>
      <line num="79" count="8" type="cond" truecount="2" falsecount="0"/>
      <line num="81" count="7" type="stmt"/>
      <line num="82" count="7" type="stmt"/>
      <line num="84" count="7" type="stmt"/>
      <line num="86" count="7" type="stmt"/>
      <line num="87" count="7" type="stmt"/>
      <line num="88" count="8" type="cond" truecount="0" falsecount="1"/>
      <line num="89" count="8" type="stmt"/>
      <line num="90" count="8" type="cond" truecount="0" falsecount="1"/>
      <line num="91" count="8" type="cond" truecount="0" falsecount="1"/>
      <line num="92" count="8" type="cond" truecount="0" falsecount="1"/>
      <line num="93" count="8" type="stmt"/>
      <line num="94" count="8" type="stmt"/>
      <line num="95" count="8" type="stmt"/>
      <line num="96" count="8" type="stmt"/>
      <line num="97" count="33" type="stmt"/>
      <line num="100" count="33" type="cond" truecount="1" falsecount="0"/>
      <line num="101" count="21" type="cond" truecount="1" falsecount="0"/>
      <line num="102" count="15" type="stmt"/>
      <line num="103" count="15" type="stmt"/>
      <line num="104" count="15" type="stmt"/>
      <line num="105" count="21" type="cond" truecount="1" falsecount="0"/>
      <line num="106" count="15" type="stmt"/>
      <line num="107" count="15" type="stmt"/>
      <line num="108" count="15" type="stmt"/>
      <line num="109" count="21" type="cond" truecount="1" falsecount="0"/>
      <line num="110" count="15" type="stmt"/>
      <line num="111" count="15" type="stmt"/>
      <line num="112" count="21" type="stmt"/>
      <line num="113" count="21" type="stmt"/>
      <line num="114" count="33" type="stmt"/>
      <line num="117" count="33" type="cond" truecount="1" falsecount="0"/>
      <line num="119" count="15" type="cond" truecount="0" falsecount="1"/>
      <line num="122" count="15" type="stmt"/>
      <line num="123" count="15" type="stmt"/>
      <line num="124" count="15" type="stmt"/>
      <line num="126" count="15" type="stmt"/>
      <line num="127" count="15" type="stmt"/>
      <line num="129" count="15" type="stmt"/>
      <line num="130" count="15" type="stmt"/>
      <line num="132" count="15" type="cond" truecount="1" falsecount="0"/>
      <line num="133" count="3" type="cond" truecount="0" falsecount="1"/>
      <line num="134" count="3" type="stmt"/>
      <line num="135" count="15" type="stmt"/>
      <line num="137" count="15" type="cond" truecount="1" falsecount="0"/>
      <line num="138" count="39" type="cond" truecount="0" falsecount="2"/>
      <line num="139" count="0" type="stmt"/>
      <line num="140" count="0" type="stmt"/>
      <line num="141" count="0" type="stmt"/>
      <line num="142" count="0" type="stmt"/>
      <line num="143" count="0" type="stmt"/>
      <line num="144" count="0" type="stmt"/>
      <line num="145" count="15" type="stmt"/>
      <line num="146" count="33" type="stmt"/>
      <line num="155" count="33" type="cond" truecount="1" falsecount="0"/>
      <line num="156" count="21" type="cond" truecount="1" falsecount="0"/>
      <line num="157" count="5" type="stmt"/>
      <line num="158" count="5" type="stmt"/>
      <line num="159" count="5" type="cond" truecount="2" falsecount="0"/>
      <line num="161" count="19" type="cond" truecount="1" falsecount="0"/>
      <line num="163" count="6" type="stmt"/>
      <line num="164" count="6" type="cond" truecount="1" falsecount="0"/>
      <line num="165" count="6" type="cond" truecount="1" falsecount="0"/>
      <line num="168" count="10" type="cond" truecount="1" falsecount="0"/>
      <line num="169" count="9" type="stmt"/>
      <line num="170" count="10" type="stmt"/>
      <line num="172" count="10" type="cond" truecount="1" falsecount="0"/>
      <line num="173" count="10" type="stmt"/>
      <line num="174" count="10" type="stmt"/>
      <line num="175" count="10" type="stmt"/>
      <line num="176" count="33" type="stmt"/>
      <line num="181" count="33" type="cond" truecount="1" falsecount="0"/>
      <line num="182" count="19" type="cond" truecount="1" falsecount="0"/>
      <line num="183" count="14" type="stmt"/>
      <line num="184" count="14" type="stmt"/>
      <line num="185" count="14" type="stmt"/>
      <line num="186" count="19" type="cond" truecount="1" falsecount="0"/>
      <line num="188" count="5" type="stmt"/>
      <line num="189" count="5" type="stmt"/>
      <line num="190" count="33" type="stmt"/>
      <line num="192" count="33" type="stmt"/>
      <line num="193" count="33" type="stmt"/>
    </file>
    <file name="useModel.ts" path="/home/rem/repos/LizyML-Widget/js/src/hooks/useModel.ts">
      <metrics statements="30" coveredstatements="30" conditionals="11" coveredconditionals="11" methods="5" coveredmethods="5"/>
      <line num="1" count="1" type="stmt"/>
      <line num="10" count="1" type="cond" truecount="1" falsecount="0"/>
      <line num="11" count="10" type="cond" truecount="1" falsecount="0"/>
      <line num="13" count="10" type="cond" truecount="1" falsecount="0"/>
      <line num="14" count="6" type="cond" truecount="1" falsecount="0"/>
      <line num="15" count="6" type="stmt"/>
      <line num="16" count="6" type="cond" truecount="1" falsecount="0"/>
      <line num="17" count="10" type="stmt"/>
      <line num="19" count="10" type="stmt"/>
      <line num="20" count="10" type="stmt"/>
      <line num="29" count="1" type="cond" truecount="1" falsecount="0"/>
      <line num="30" count="4" type="stmt"/>
      <line num="31" count="4" type="cond" truecount="1" falsecount="0"/>
      <line num="32" count="2" type="stmt"/>
      <line num="33" count="2" type="stmt"/>
      <line num="34" count="4" type="stmt"/>
      <line num="35" count="4" type="stmt"/>
      <line num="36" count="4" type="stmt"/>
      <line num="39" count="1" type="cond" truecount="1" falsecount="0"/>
      <line num="40" count="10" type="stmt"/>
      <line num="41" count="10" type="stmt"/>
      <line num="42" count="10" type="stmt"/>
      <line num="43" count="10" type="stmt"/>
      <line num="44" count="10" type="stmt"/>
      <line num="46" count="10" type="cond" truecount="1" falsecount="0"/>
      <line num="47" count="9" type="cond" truecount="1" falsecount="0"/>
      <line num="48" count="9" type="stmt"/>
      <line num="49" count="9" type="cond" truecount="1" falsecount="0"/>
      <line num="50" count="10" type="stmt"/>
      <line num="51" count="10" type="stmt"/>
    </file>
    <file name="usePlot.ts" path="/home/rem/repos/LizyML-Widget/js/src/hooks/usePlot.ts">
      <metrics statements="56" coveredstatements="55" conditionals="25" coveredconditionals="24" methods="3" coveredmethods="3"/>
      <line num="1" count="1" type="stmt"/>
      <line num="15" count="1" type="cond" truecount="1" falsecount="0"/>
      <line num="16" count="27" type="stmt"/>
      <line num="17" count="27" type="stmt"/>
      <line num="19" count="27" type="stmt"/>
      <line num="20" count="27" type="stmt"/>
      <line num="22" count="27" type="cond" truecount="1" falsecount="0"/>
      <line num="28" count="10" type="cond" truecount="1" falsecount="0"/>
      <line num="29" count="9" type="stmt"/>
      <line num="30" count="9" type="cond" truecount="2" falsecount="0"/>
      <line num="31" count="7" type="stmt"/>
      <line num="32" count="9" type="stmt"/>
      <line num="34" count="10" type="cond" truecount="1" falsecount="0"/>
      <line num="35" count="9" type="cond" truecount="2" falsecount="0"/>
      <line num="36" count="7" type="stmt"/>
      <line num="37" count="7" type="cond" truecount="2" falsecount="0"/>
      <line num="38" count="5" type="stmt"/>
      <line num="39" count="5" type="stmt"/>
      <line num="40" count="5" type="cond" truecount="1" falsecount="0"/>
      <line num="41" count="7" type="cond" truecount="0" falsecount="1"/>
      <line num="43" count="0" type="cond" truecount="1" falsecount="0"/>
      <line num="44" count="5" type="cond" truecount="1" falsecount="0"/>
      <line num="45" count="5" type="stmt"/>
      <line num="46" count="5" type="stmt"/>
      <line num="47" count="9" type="cond" truecount="1" falsecount="0"/>
      <line num="48" count="2" type="stmt"/>
      <line num="49" count="2" type="cond" truecount="1" falsecount="0"/>
      <line num="50" count="1" type="cond" truecount="1" falsecount="0"/>
      <line num="51" count="1" type="stmt"/>
      <line num="52" count="1" type="stmt"/>
      <line num="53" count="9" type="stmt"/>
      <line num="54" count="10" type="stmt"/>
      <line num="55" count="10" type="cond" truecount="1" falsecount="0"/>
      <line num="56" count="27" type="stmt"/>
      <line num="58" count="27" type="stmt"/>
      <line num="59" count="27" type="cond" truecount="1" falsecount="0"/>
      <line num="60" count="11" type="cond" truecount="2" falsecount="0"/>
      <line num="61" count="10" type="cond" truecount="2" falsecount="0"/>
      <line num="62" count="9" type="stmt"/>
      <line num="63" count="9" type="stmt"/>
      <line num="64" count="9" type="cond" truecount="1" falsecount="0"/>
      <line num="65" count="9" type="stmt"/>
      <line num="66" count="9" type="stmt"/>
      <line num="67" count="9" type="stmt"/>
      <line num="68" count="9" type="stmt"/>
      <line num="69" count="9" type="stmt"/>
      <line num="70" count="11" type="stmt"/>
      <line num="71" count="27" type="stmt"/>
      <line num="72" count="27" type="stmt"/>
      <line num="74" count="27" type="cond" truecount="1" falsecount="0"/>
      <line num="75" count="2" type="stmt"/>
      <line num="76" count="2" type="stmt"/>
      <line num="77" count="2" type="stmt"/>
      <line num="78" count="27" type="stmt"/>
      <line num="80" count="27" type="stmt"/>
      <line num="81" count="27" type="stmt"/>
    </file>
    <file name="useTheme.ts" path="/home/rem/repos/LizyML-Widget/js/src/hooks/useTheme.ts">
      <metrics statements="65" coveredstatements="50" conditionals="26" coveredconditionals="20" methods="4" coveredmethods="3"/>
      <line num="1" count="1" type="stmt"/>
      <line num="7" count="12" type="cond" truecount="1" falsecount="0"/>
      <line num="8" count="12" type="stmt"/>
      <line num="9" count="12" type="stmt"/>
      <line num="10" count="12" type="stmt"/>
      <line num="11" count="12" type="cond" truecount="0" falsecount="1"/>
      <line num="12" count="0" type="stmt"/>
      <line num="13" count="0" type="stmt"/>
      <line num="14" count="12" type="stmt"/>
      <line num="15" count="12" type="stmt"/>
      <line num="17" count="12" type="cond" truecount="1" falsecount="0"/>
      <line num="18" count="12" type="cond" truecount="2" falsecount="0"/>
      <line num="19" count="12" type="stmt"/>
      <line num="21" count="1" type="cond" truecount="1" falsecount="0"/>
      <line num="22" count="12" type="stmt"/>
      <line num="23" count="12" type="cond" truecount="1" falsecount="0"/>
      <line num="26" count="12" type="cond" truecount="1" falsecount="0"/>
      <line num="27" count="9" type="cond" truecount="2" falsecount="0"/>
      <line num="28" count="7" type="stmt"/>
      <line num="29" count="7" type="stmt"/>
      <line num="30" count="7" type="stmt"/>
      <line num="34" count="7" type="stmt"/>
      <line num="35" count="7" type="stmt"/>
      <line num="36" count="7" type="stmt"/>
      <line num="37" count="7" type="stmt"/>
      <line num="38" count="7" type="stmt"/>
      <line num="39" count="7" type="stmt"/>
      <line num="40" count="7" type="stmt"/>
      <line num="41" count="7" type="stmt"/>
      <line num="42" count="7" type="stmt"/>
      <line num="43" count="9" type="cond" truecount="1" falsecount="0"/>
      <line num="44" count="7" type="stmt"/>
      <line num="45" count="7" type="cond" truecount="0" falsecount="2"/>
      <line num="46" count="0" type="stmt"/>
      <line num="47" count="0" type="stmt"/>
      <line num="48" count="0" type="stmt"/>
      <line num="49" count="0" type="stmt"/>
      <line num="50" count="0" type="stmt"/>
      <line num="51" count="0" type="stmt"/>
      <line num="52" count="0" type="stmt"/>
      <line num="53" count="7" type="cond" truecount="1" falsecount="0"/>
      <line num="54" count="7" type="cond" truecount="0" falsecount="1"/>
      <line num="55" count="0" type="stmt"/>
      <line num="56" count="0" type="stmt"/>
      <line num="57" count="7" type="stmt"/>
      <line num="58" count="12" type="stmt"/>
      <line num="61" count="12" type="cond" truecount="1" falsecount="0"/>
      <line num="62" count="9" type="cond" truecount="2" falsecount="0"/>
      <line num="63" count="5" type="stmt"/>
      <line num="64" count="5" type="stmt"/>
      <line num="65" count="0" type="stmt"/>
      <line num="66" count="0" type="stmt"/>
      <line num="67" count="0" type="stmt"/>
      <line num="68" count="0" type="stmt"/>
      <line num="69" count="5" type="stmt"/>
      <line num="70" count="5" type="cond" truecount="1" falsecount="0"/>
      <line num="71" count="12" type="stmt"/>
      <line num="73" count="12" type="cond" truecount="1" falsecount="0"/>
      <line num="74" count="4" type="cond" truecount="1" falsecount="0"/>
      <line num="75" count="4" type="cond" truecount="2" falsecount="1"/>
      <line num="76" count="4" type="cond" truecount="1" falsecount="1"/>
      <line num="77" count="4" type="stmt"/>
      <line num="78" count="12" type="stmt"/>
      <line num="80" count="12" type="stmt"/>
      <line num="81" count="12" type="stmt"/>
    </file>
  </project>
</coverage>
