{"/home/rem/repos/LizyML-Widget/js/src/hooks/useJobPolling.ts": {"path":"/home/rem/repos/LizyML-Widget/js/src/hooks/useJobPolling.ts","all":false,"statementMap":{"0":{"start":{"line":1,"column":0},"end":{"line":1,"column":3}},"30":{"start":{"line":31,"column":0},"end":{"line":31,"column":30}},"31":{"start":{"line":32,"column":0},"end":{"line":32,"column":38}},"33":{"start":{"line":34,"column":0},"end":{"line":34,"column":29}},"41":{"start":{"line":42,"column":0},"end":{"line":42,"column":29}},"42":{"start":{"line":43,"column":0},"end":{"line":43,"column":7}},"43":{"start":{"line":44,"column":0},"end":{"line":44,"column":40}},"45":{"start":{"line":46,"column":0},"end":{"line":46,"column":53}},"47":{"start":{"line":48,"column":0},"end":{"line":48,"column":10}},"48":{"start":{"line":49,"column":0},"end":{"line":49,"column":42}},"49":{"start":{"line":50,"column":0},"end":{"line":50,"column":62}},"51":{"start":{"line":52,"column":0},"end":{"line":52,"column":20}},"52":{"start":{"line":53,"column":0},"end":{"line":53,"column":5}},"53":{"start":{"line":54,"column":0},"end":{"line":54,"column":17}},"54":{"start":{"line":55,"column":0},"end":{"line":55,"column":11}},"55":{"start":{"line":56,"column":0},"end":{"line":56,"column":17}},"56":{"start":{"line":57,"column":0},"end":{"line":57,"column":3}},"57":{"start":{"line":58,"column":0},"end":{"line":58,"column":1}},"59":{"start":{"line":60,"column":0},"end":{"line":60,"column":27}},"61":{"start":{"line":62,"column":0},"end":{"line":62,"column":30}},"62":{"start":{"line":63,"column":0},"end":{"line":63,"column":13}},"63":{"start":{"line":64,"column":0},"end":{"line":64,"column":25}},"64":{"start":{"line":65,"column":0},"end":{"line":65,"column":27}},"65":{"start":{"line":66,"column":0},"end":{"line":66,"column":27}},"66":{"start":{"line":67,"column":0},"end":{"line":67,"column":20}},"67":{"start":{"line":68,"column":0},"end":{"line":68,"column":62}},"68":{"start":{"line":69,"column":0},"end":{"line":69,"column":41}},"69":{"start":{"line":70,"column":0},"end":{"line":70,"column":40}},"70":{"start":{"line":71,"column":0},"end":{"line":71,"column":47}},"71":{"start":{"line":72,"column":0},"end":{"line":72,"column":46}},"72":{"start":{"line":73,"column":0},"end":{"line":73,"column":75}},"73":{"start":{"line":74,"column":0},"end":{"line":74,"column":77}},"76":{"start":{"line":77,"column":0},"end":{"line":77,"column":47}},"77":{"start":{"line":78,"column":0},"end":{"line":78,"column":42}},"78":{"start":{"line":79,"column":0},"end":{"line":79,"column":42}},"80":{"start":{"line":81,"column":0},"end":{"line":81,"column":45}},"81":{"start":{"line":82,"column":0},"end":{"line":82,"column":43}},"83":{"start":{"line":84,"column":0},"end":{"line":84,"column":54}},"85":{"start":{"line":86,"column":0},"end":{"line":86,"column":15}},"86":{"start":{"line":87,"column":0},"end":{"line":87,"column":26}},"87":{"start":{"line":88,"column":0},"end":{"line":88,"column":36}},"88":{"start":{"line":89,"column":0},"end":{"line":89,"column":36}},"89":{"start":{"line":90,"column":0},"end":{"line":90,"column":36}},"90":{"start":{"line":91,"column":0},"end":{"line":91,"column":37}},"91":{"start":{"line":92,"column":0},"end":{"line":92,"column":30}},"92":{"start":{"line":93,"column":0},"end":{"line":93,"column":36}},"93":{"start":{"line":94,"column":0},"end":{"line":94,"column":38}},"94":{"start":{"line":95,"column":0},"end":{"line":95,"column":44}},"95":{"start":{"line":96,"column":0},"end":{"line":96,"column":7}},"96":{"start":{"line":97,"column":0},"end":{"line":97,"column":9}},"99":{"start":{"line":100,"column":0},"end":{"line":100,"column":41}},"100":{"start":{"line":101,"column":0},"end":{"line":101,"column":40}},"101":{"start":{"line":102,"column":0},"end":{"line":102,"column":42}},"102":{"start":{"line":103,"column":0},"end":{"line":103,"column":34}},"103":{"start":{"line":104,"column":0},"end":{"line":104,"column":5}},"104":{"start":{"line":105,"column":0},"end":{"line":105,"column":42}},"105":{"start":{"line":106,"column":0},"end":{"line":106,"column":44}},"106":{"start":{"line":107,"column":0},"end":{"line":107,"column":36}},"107":{"start":{"line":108,"column":0},"end":{"line":108,"column":5}},"108":{"start":{"line":109,"column":0},"end":{"line":109,"column":31}},"109":{"start":{"line":110,"column":0},"end":{"line":110,"column":41}},"110":{"start":{"line":111,"column":0},"end":{"line":111,"column":5}},"111":{"start":{"line":112,"column":0},"end":{"line":112,"column":34}},"112":{"start":{"line":113,"column":0},"end":{"line":113,"column":33}},"113":{"start":{"line":114,"column":0},"end":{"line":114,"column":25}},"116":{"start":{"line":117,"column":0},"end":{"line":117,"column":42}},"118":{"start":{"line":119,"column":0},"end":{"line":119,"column":37}},"121":{"start":{"line":122,"column":0},"end":{"line":122,"column":20}},"122":{"start":{"line":123,"column":0},"end":{"line":123,"column":29}},"123":{"start":{"line":124,"column":0},"end":{"line":124,"column":28}},"125":{"start":{"line":126,"column":0},"end":{"line":126,"column":32}},"126":{"start":{"line":127,"column":0},"end":{"line":127,"column":33}},"128":{"start":{"line":129,"column":0},"end":{"line":129,"column":38}},"129":{"start":{"line":130,"column":0},"end":{"line":130,"column":33}},"131":{"start":{"line":132,"column":0},"end":{"line":132,"column":46}},"132":{"start":{"line":133,"column":0},"end":{"line":133,"column":41}},"133":{"start":{"line":134,"column":0},"end":{"line":134,"column":35}},"134":{"start":{"line":135,"column":0},"end":{"line":135,"column":25}},"136":{"start":{"line":137,"column":0},"end":{"line":137,"column":48}},"137":{"start":{"line":138,"column":0},"end":{"line":138,"column":71}},"138":{"start":{"line":139,"column":0},"end":{"line":139,"column":70}},"139":{"start":{"line":140,"column":0},"end":{"line":140,"column":26}},"140":{"start":{"line":141,"column":0},"end":{"line":141,"column":60}},"141":{"start":{"line":142,"column":0},"end":{"line":142,"column":25}},"142":{"start":{"line":143,"column":0},"end":{"line":143,"column":61}},"143":{"start":{"line":144,"column":0},"end":{"line":144,"column":8}},"144":{"start":{"line":145,"column":0},"end":{"line":145,"column":34}},"145":{"start":{"line":146,"column":0},"end":{"line":146,"column":25}},"154":{"start":{"line":155,"column":0},"end":{"line":155,"column":19}},"155":{"start":{"line":156,"column":0},"end":{"line":156,"column":39}},"156":{"start":{"line":157,"column":0},"end":{"line":157,"column":20}},"157":{"start":{"line":158,"column":0},"end":{"line":158,"column":13}},"158":{"start":{"line":159,"column":0},"end":{"line":159,"column":5}},"160":{"start":{"line":161,"column":0},"end":{"line":161,"column":19}},"162":{"start":{"line":163,"column":0},"end":{"line":163,"column":21}},"163":{"start":{"line":164,"column":0},"end":{"line":164,"column":33}},"164":{"start":{"line":165,"column":0},"end":{"line":165,"column":5}},"167":{"start":{"line":168,"column":0},"end":{"line":168,"column":41}},"168":{"start":{"line":169,"column":0},"end":{"line":169,"column":21}},"169":{"start":{"line":170,"column":0},"end":{"line":170,"column":24}},"171":{"start":{"line":172,"column":0},"end":{"line":172,"column":18}},"172":{"start":{"line":173,"column":0},"end":{"line":173,"column":31}},"173":{"start":{"line":174,"column":0},"end":{"line":174,"column":20}},"174":{"start":{"line":175,"column":0},"end":{"line":175,"column":6}},"175":{"start":{"line":176,"column":0},"end":{"line":176,"column":75}},"180":{"start":{"line":181,"column":0},"end":{"line":181,"column":19}},"181":{"start":{"line":182,"column":0},"end":{"line":182,"column":39}},"182":{"start":{"line":183,"column":0},"end":{"line":183,"column":31}},"183":{"start":{"line":184,"column":0},"end":{"line":184,"column":30}},"184":{"start":{"line":185,"column":0},"end":{"line":185,"column":22}},"185":{"start":{"line":186,"column":0},"end":{"line":186,"column":12}},"187":{"start":{"line":188,"column":0},"end":{"line":188,"column":22}},"188":{"start":{"line":189,"column":0},"end":{"line":189,"column":5}},"189":{"start":{"line":190,"column":0},"end":{"line":190,"column":23}},"191":{"start":{"line":192,"column":0},"end":{"line":192,"column":16}},"192":{"start":{"line":193,"column":0},"end":{"line":193,"column":1}}},"s":{"0":1,"30":1,"31":1,"33":1,"41":2,"42":2,"43":2,"45":2,"47":1,"48":1,"49":1,"51":2,"52":2,"53":1,"54":1,"55":0,"56":0,"57":2,"59":1,"61":1,"62":33,"63":33,"64":33,"65":33,"66":33,"67":33,"68":33,"69":33,"70":33,"71":33,"72":33,"73":33,"76":33,"77":8,"78":8,"80":7,"81":7,"83":7,"85":7,"86":7,"87":8,"88":8,"89":8,"90":8,"91":8,"92":8,"93":8,"94":8,"95":8,"96":33,"99":33,"100":21,"101":15,"102":15,"103":15,"104":21,"105":15,"106":15,"107":15,"108":21,"109":15,"110":15,"111":21,"112":21,"113":33,"116":33,"118":15,"121":15,"122":15,"123":15,"125":15,"126":15,"128":15,"129":15,"131":15,"132":3,"133":3,"134":15,"136":15,"137":39,"138":0,"139":0,"140":0,"141":0,"142":0,"143":0,"144":15,"145":33,"154":33,"155":21,"156":5,"157":5,"158":5,"160":19,"162":6,"163":6,"164":6,"167":10,"168":9,"169":10,"171":10,"172":10,"173":10,"174":10,"175":33,"180":33,"181":19,"182":14,"183":14,"184":14,"185":19,"187":5,"188":5,"189":33,"191":33,"192":33},"branchMap":{"0":{"type":"branch","line":42,"loc":{"start":{"line":42,"column":0},"end":{"line":58,"column":1}},"locations":[{"start":{"line":42,"column":0},"end":{"line":58,"column":1}}]},"1":{"type":"branch","line":46,"loc":{"start":{"line":46,"column":26},"end":{"line":46,"column":41}},"locations":[{"start":{"line":46,"column":26},"end":{"line":46,"column":41}}]},"2":{"type":"branch","line":46,"loc":{"start":{"line":46,"column":41},"end":{"line":50,"column":62}},"locations":[{"start":{"line":46,"column":41},"end":{"line":50,"column":62}}]},"3":{"type":"branch","line":52,"loc":{"start":{"line":52,"column":8},"end":{"line":52,"column":20}},"locations":[{"start":{"line":52,"column":8},"end":{"line":52,"column":20}}]},"4":{"type":"branch","line":53,"loc":{"start":{"line":53,"column":4},"end":{"line":57,"column":3}},"locations":[{"start":{"line":53,"column":4},"end":{"line":57,"column":3}}]},"5":{"type":"branch","line":55,"loc":{"start":{"line":55,"column":2},"end":{"line":57,"column":3}},"locations":[{"start":{"line":55,"column":2},"end":{"line":57,"column":3}}]},"6":{"type":"branch","line":62,"loc":{"start":{"line":62,"column":7},"end":{"line":193,"column":1}},"locations":[{"start":{"line":62,"column":7},"end":{"line":193,"column":1}}]},"7":{"type":"branch","line":77,"loc":{"start":{"line":77,"column":32},"end":{"line":97,"column":5}},"locations":[{"start":{"line":77,"column":32},"end":{"line":97,"column":5}}]},"8":{"type":"branch","line":78,"loc":{"start":{"line":78,"column":21},"end":{"line":78,"column":38}},"locations":[{"start":{"line":78,"column":21},"end":{"line":78,"column":38}}]},"9":{"type":"branch","line":79,"loc":{"start":{"line":79,"column":35},"end":{"line":79,"column":42}},"locations":[{"start":{"line":79,"column":35},"end":{"line":79,"column":42}}]},"10":{"type":"branch","line":79,"loc":{"start":{"line":79,"column":35},"end":{"line":88,"column":33}},"locations":[{"start":{"line":79,"column":35},"end":{"line":88,"column":33}}]},"11":{"type":"branch","line":88,"loc":{"start":{"line":88,"column":21},"end":{"line":88,"column":36}},"locations":[{"start":{"line":88,"column":21},"end":{"line":88,"column":36}}]},"12":{"type":"branch","line":90,"loc":{"start":{"line":90,"column":21},"end":{"line":90,"column":36}},"locations":[{"start":{"line":90,"column":21},"end":{"line":90,"column":36}}]},"13":{"type":"branch","line":91,"loc":{"start":{"line":91,"column":22},"end":{"line":91,"column":37}},"locations":[{"start":{"line":91,"column":22},"end":{"line":91,"column":37}}]},"14":{"type":"branch","line":92,"loc":{"start":{"line":92,"column":18},"end":{"line":92,"column":30}},"locations":[{"start":{"line":92,"column":18},"end":{"line":92,"column":30}}]},"15":{"type":"branch","line":100,"loc":{"start":{"line":100,"column":34},"end":{"line":114,"column":5}},"locations":[{"start":{"line":100,"column":34},"end":{"line":114,"column":5}}]},"16":{"type":"branch","line":101,"loc":{"start":{"line":101,"column":39},"end":{"line":104,"column":5}},"locations":[{"start":{"line":101,"column":39},"end":{"line":104,"column":5}}]},"17":{"type":"branch","line":105,"loc":{"start":{"line":105,"column":41},"end":{"line":108,"column":5}},"locations":[{"start":{"line":105,"column":41},"end":{"line":108,"column":5}}]},"18":{"type":"branch","line":109,"loc":{"start":{"line":109,"column":30},"end":{"line":111,"column":5}},"locations":[{"start":{"line":109,"column":30},"end":{"line":111,"column":5}}]},"19":{"type":"branch","line":117,"loc":{"start":{"line":117,"column":35},"end":{"line":146,"column":5}},"locations":[{"start":{"line":117,"column":35},"end":{"line":146,"column":5}}]},"20":{"type":"branch","line":119,"loc":{"start":{"line":119,"column":30},"end":{"line":119,"column":37}},"locations":[{"start":{"line":119,"column":30},"end":{"line":119,"column":37}}]},"21":{"type":"branch","line":132,"loc":{"start":{"line":132,"column":39},"end":{"line":135,"column":7}},"locations":[{"start":{"line":132,"column":39},"end":{"line":135,"column":7}}]},"22":{"type":"branch","line":133,"loc":{"start":{"line":133,"column":34},"end":{"line":133,"column":41}},"locations":[{"start":{"line":133,"column":34},"end":{"line":133,"column":41}}]},"23":{"type":"branch","line":137,"loc":{"start":{"line":137,"column":41},"end":{"line":145,"column":7}},"locations":[{"start":{"line":137,"column":41},"end":{"line":145,"column":7}}]},"24":{"type":"branch","line":138,"loc":{"start":{"line":138,"column":35},"end":{"line":138,"column":64}},"locations":[{"start":{"line":138,"column":35},"end":{"line":138,"column":64}}]},"25":{"type":"branch","line":138,"loc":{"start":{"line":138,"column":64},"end":{"line":144,"column":8}},"locations":[{"start":{"line":138,"column":64},"end":{"line":144,"column":8}}]},"26":{"type":"branch","line":155,"loc":{"start":{"line":155,"column":12},"end":{"line":176,"column":5}},"locations":[{"start":{"line":155,"column":12},"end":{"line":176,"column":5}}]},"27":{"type":"branch","line":156,"loc":{"start":{"line":156,"column":38},"end":{"line":159,"column":5}},"locations":[{"start":{"line":156,"column":38},"end":{"line":159,"column":5}}]},"28":{"type":"branch","line":159,"loc":{"start":{"line":159,"column":4},"end":{"line":165,"column":5}},"locations":[{"start":{"line":159,"column":4},"end":{"line":165,"column":5}}]},"29":{"type":"branch","line":159,"loc":{"start":{"line":159,"column":4},"end":{"line":161,"column":18}},"locations":[{"start":{"line":159,"column":4},"end":{"line":161,"column":18}}]},"30":{"type":"branch","line":161,"loc":{"start":{"line":161,"column":18},"end":{"line":165,"column":5}},"locations":[{"start":{"line":161,"column":18},"end":{"line":165,"column":5}}]},"31":{"type":"branch","line":165,"loc":{"start":{"line":165,"column":4},"end":{"line":175,"column":6}},"locations":[{"start":{"line":165,"column":4},"end":{"line":175,"column":6}}]},"32":{"type":"branch","line":164,"loc":{"start":{"line":164,"column":13},"end":{"line":164,"column":33}},"locations":[{"start":{"line":164,"column":13},"end":{"line":164,"column":33}}]},"33":{"type":"branch","line":168,"loc":{"start":{"line":168,"column":34},"end":{"line":170,"column":7}},"locations":[{"start":{"line":168,"column":34},"end":{"line":170,"column":7}}]},"34":{"type":"branch","line":172,"loc":{"start":{"line":172,"column":11},"end":{"line":175,"column":6}},"locations":[{"start":{"line":172,"column":11},"end":{"line":175,"column":6}}]},"35":{"type":"branch","line":181,"loc":{"start":{"line":181,"column":12},"end":{"line":190,"column":5}},"locations":[{"start":{"line":181,"column":12},"end":{"line":190,"column":5}}]},"36":{"type":"branch","line":182,"loc":{"start":{"line":182,"column":38},"end":{"line":186,"column":11}},"locations":[{"start":{"line":182,"column":38},"end":{"line":186,"column":11}}]},"37":{"type":"branch","line":186,"loc":{"start":{"line":186,"column":4},"end":{"line":189,"column":5}},"locations":[{"start":{"line":186,"column":4},"end":{"line":189,"column":5}}]}},"b":{"0":[2],"1":[1],"2":[1],"3":[0],"4":[1],"5":[0],"6":[33],"7":[8],"8":[0],"9":[1],"10":[7],"11":[0],"12":[0],"13":[0],"14":[0],"15":[21],"16":[15],"17":[15],"18":[15],"19":[15],"20":[0],"21":[3],"22":[0],"23":[39],"24":[0],"25":[0],"26":[21],"27":[5],"28":[19],"29":[16],"30":[6],"31":[10],"32":[6],"33":[9],"34":[10],"35":[19],"36":[14],"37":[5]},"fnMap":{"0":{"name":"isColab","decl":{"start":{"line":42,"column":0},"end":{"line":58,"column":1}},"loc":{"start":{"line":42,"column":0},"end":{"line":58,"column":1}},"line":42},"1":{"name":"useJobPolling","decl":{"start":{"line":62,"column":7},"end":{"line":193,"column":1}},"loc":{"start":{"line":62,"column":7},"end":{"line":193,"column":1}},"line":62}},"f":{"0":2,"1":33}}
,"/home/rem/repos/LizyML-Widget/js/src/hooks/useModel.ts": {"path":"/home/rem/repos/LizyML-Widget/js/src/hooks/useModel.ts","all":false,"statementMap":{"0":{"start":{"line":1,"column":0},"end":{"line":1,"column":3}},"9":{"start":{"line":10,"column":0},"end":{"line":10,"column":61}},"10":{"start":{"line":11,"column":0},"end":{"line":11,"column":63}},"12":{"start":{"line":13,"column":0},"end":{"line":13,"column":19}},"13":{"start":{"line":14,"column":0},"end":{"line":14,"column":52}},"14":{"start":{"line":15,"column":0},"end":{"line":15,"column":40}},"15":{"start":{"line":16,"column":0},"end":{"line":16,"column":54}},"16":{"start":{"line":17,"column":0},"end":{"line":17,"column":20}},"18":{"start":{"line":19,"column":0},"end":{"line":19,"column":15}},"19":{"start":{"line":20,"column":0},"end":{"line":20,"column":1}},"28":{"start":{"line":29,"column":0},"end":{"line":29,"column":43}},"29":{"start":{"line":30,"column":0},"end":{"line":30,"column":21}},"30":{"start":{"line":31,"column":0},"end":{"line":31,"column":58}},"31":{"start":{"line":32,"column":0},"end":{"line":32,"column":65}},"32":{"start":{"line":33,"column":0},"end":{"line":33,"column":6}},"33":{"start":{"line":34,"column":0},"end":{"line":34,"column":12}},"34":{"start":{"line":35,"column":0},"end":{"line":35,"column":4}},"35":{"start":{"line":36,"column":0},"end":{"line":36,"column":1}},"38":{"start":{"line":39,"column":0},"end":{"line":39,"column":29}},"39":{"start":{"line":40,"column":0},"end":{"line":40,"column":13}},"40":{"start":{"line":41,"column":0},"end":{"line":41,"column":55}},"41":{"start":{"line":42,"column":0},"end":{"line":42,"column":3}},"42":{"start":{"line":43,"column":0},"end":{"line":43,"column":37}},"43":{"start":{"line":44,"column":0},"end":{"line":44,"column":31}},"45":{"start":{"line":46,"column":0},"end":{"line":46,"column":19}},"46":{"start":{"line":47,"column":0},"end":{"line":47,"column":87}},"47":{"start":{"line":48,"column":0},"end":{"line":48,"column":31}},"48":{"start":{"line":49,"column":0},"end":{"line":49,"column":45}},"49":{"start":{"line":50,"column":0},"end":{"line":50,"column":14}},"50":{"start":{"line":51,"column":0},"end":{"line":51,"column":1}}},"s":{"0":1,"9":1,"10":10,"12":10,"13":6,"14":6,"15":6,"16":10,"18":10,"19":10,"28":1,"29":4,"30":4,"31":2,"32":2,"33":4,"34":4,"35":4,"38":1,"39":10,"40":10,"41":10,"42":10,"43":10,"45":10,"46":9,"47":9,"48":9,"49":10,"50":10},"branchMap":{"0":{"type":"branch","line":10,"loc":{"start":{"line":10,"column":7},"end":{"line":20,"column":1}},"locations":[{"start":{"line":10,"column":7},"end":{"line":20,"column":1}}]},"1":{"type":"branch","line":11,"loc":{"start":{"line":11,"column":40},"end":{"line":11,"column":61}},"locations":[{"start":{"line":11,"column":40},"end":{"line":11,"column":61}}]},"2":{"type":"branch","line":13,"loc":{"start":{"line":13,"column":12},"end":{"line":17,"column":5}},"locations":[{"start":{"line":13,"column":12},"end":{"line":17,"column":5}}]},"3":{"type":"branch","line":14,"loc":{"start":{"line":14,"column":20},"end":{"line":14,"column":52}},"locations":[{"start":{"line":14,"column":20},"end":{"line":14,"column":52}}]},"4":{"type":"branch","line":16,"loc":{"start":{"line":16,"column":11},"end":{"line":16,"column":54}},"locations":[{"start":{"line":16,"column":11},"end":{"line":16,"column":54}}]},"5":{"type":"branch","line":29,"loc":{"start":{"line":29,"column":7},"end":{"line":36,"column":1}},"locations":[{"start":{"line":29,"column":7},"end":{"line":36,"column":1}}]},"6":{"type":"branch","line":31,"loc":{"start":{"line":31,"column":4},"end":{"line":33,"column":6}},"locations":[{"start":{"line":31,"column":4},"end":{"line":33,"column":6}}]},"7":{"type":"branch","line":39,"loc":{"start":{"line":39,"column":7},"end":{"line":51,"column":1}},"locations":[{"start":{"line":39,"column":7},"end":{"line":51,"column":1}}]},"8":{"type":"branch","line":46,"loc":{"start":{"line":46,"column":12},"end":{"line":50,"column":5}},"locations":[{"start":{"line":46,"column":12},"end":{"line":50,"column":5}}]},"9":{"type":"branch","line":47,"loc":{"start":{"line":47,"column":15},"end":{"line":47,"column":87}},"locations":[{"start":{"line":47,"column":15},"end":{"line":47,"column":87}}]},"10":{"type":"branch","line":49,"loc":{"start":{"line":49,"column":11},"end":{"line":49,"column":45}},"locations":[{"start":{"line":49,"column":11},"end":{"line":49,"column":45}}]}},"b":{"0":[10],"1":[6],"2":[6],"3":[4],"4":[6],"5":[4],"6":[2],"7":[10],"8":[9],"9":[4],"10":[9]},"fnMap":{"0":{"name":"useTraitlet","decl":{"start":{"line":10,"column":7},"end":{"line":20,"column":1}},"loc":{"start":{"line":10,"column":7},"end":{"line":20,"column":1}},"line":10},"1":{"name":"handler","decl":{"start":{"line":14,"column":20},"end":{"line":14,"column":52}},"loc":{"start":{"line":14,"column":20},"end":{"line":14,"column":52}},"line":14},"2":{"name":"useSendAction","decl":{"start":{"line":29,"column":7},"end":{"line":36,"column":1}},"loc":{"start":{"line":29,"column":7},"end":{"line":36,"column":1}},"line":29},"3":{"name":"useCustomMsg","decl":{"start":{"line":39,"column":7},"end":{"line":51,"column":1}},"loc":{"start":{"line":39,"column":7},"end":{"line":51,"column":1}},"line":39},"4":{"name":"cb","decl":{"start":{"line":47,"column":15},"end":{"line":47,"column":87}},"loc":{"start":{"line":47,"column":15},"end":{"line":47,"column":87}},"line":47}},"f":{"0":10,"1":4,"2":4,"3":10,"4":4}}
,"/home/rem/repos/LizyML-Widget/js/src/hooks/usePlot.ts": {"path":"/home/rem/repos/LizyML-Widget/js/src/hooks/usePlot.ts","all":false,"statementMap":{"0":{"start":{"line":1,"column":0},"end":{"line":1,"column":3}},"14":{"start":{"line":15,"column":0},"end":{"line":15,"column":37}},"15":{"start":{"line":16,"column":0},"end":{"line":16,"column":52}},"16":{"start":{"line":17,"column":0},"end":{"line":17,"column":70}},"18":{"start":{"line":19,"column":0},"end":{"line":19,"column":56}},"19":{"start":{"line":20,"column":0},"end":{"line":20,"column":37}},"21":{"start":{"line":22,"column":0},"end":{"line":22,"column":19}},"27":{"start":{"line":28,"column":0},"end":{"line":28,"column":76}},"28":{"start":{"line":29,"column":0},"end":{"line":29,"column":46}},"29":{"start":{"line":30,"column":0},"end":{"line":30,"column":82}},"30":{"start":{"line":31,"column":0},"end":{"line":31,"column":72}},"31":{"start":{"line":32,"column":0},"end":{"line":32,"column":6}},"33":{"start":{"line":34,"column":0},"end":{"line":34,"column":35}},"34":{"start":{"line":35,"column":0},"end":{"line":35,"column":56}},"35":{"start":{"line":36,"column":0},"end":{"line":36,"column":33}},"36":{"start":{"line":37,"column":0},"end":{"line":37,"column":54}},"37":{"start":{"line":38,"column":0},"end":{"line":38,"column":13}},"38":{"start":{"line":39,"column":0},"end":{"line":39,"column":51}},"39":{"start":{"line":40,"column":0},"end":{"line":40,"column":56}},"40":{"start":{"line":41,"column":0},"end":{"line":41,"column":17}},"42":{"start":{"line":43,"column":0},"end":{"line":43,"column":9}},"43":{"start":{"line":44,"column":0},"end":{"line":44,"column":57}},"44":{"start":{"line":45,"column":0},"end":{"line":45,"column":38}},"45":{"start":{"line":46,"column":0},"end":{"line":46,"column":7}},"46":{"start":{"line":47,"column":0},"end":{"line":47,"column":38}},"47":{"start":{"line":48,"column":0},"end":{"line":48,"column":33}},"48":{"start":{"line":49,"column":0},"end":{"line":49,"column":54}},"49":{"start":{"line":50,"column":0},"end":{"line":50,"column":57}},"50":{"start":{"line":51,"column":0},"end":{"line":51,"column":38}},"51":{"start":{"line":52,"column":0},"end":{"line":52,"column":7}},"52":{"start":{"line":53,"column":0},"end":{"line":53,"column":6}},"53":{"start":{"line":54,"column":0},"end":{"line":54,"column":36}},"54":{"start":{"line":55,"column":0},"end":{"line":55,"column":50}},"55":{"start":{"line":56,"column":0},"end":{"line":56,"column":14}},"57":{"start":{"line":58,"column":0},"end":{"line":58,"column":34}},"58":{"start":{"line":59,"column":0},"end":{"line":59,"column":27}},"59":{"start":{"line":60,"column":0},"end":{"line":60,"column":52}},"60":{"start":{"line":61,"column":0},"end":{"line":61,"column":55}},"61":{"start":{"line":62,"column":0},"end":{"line":62,"column":54}},"62":{"start":{"line":63,"column":0},"end":{"line":63,"column":41}},"63":{"start":{"line":64,"column":0},"end":{"line":64,"column":60}},"64":{"start":{"line":65,"column":0},"end":{"line":65,"column":18}},"65":{"start":{"line":66,"column":0},"end":{"line":66,"column":23}},"66":{"start":{"line":67,"column":0},"end":{"line":67,"column":36}},"67":{"start":{"line":68,"column":0},"end":{"line":68,"column":58}},"68":{"start":{"line":69,"column":0},"end":{"line":69,"column":9}},"69":{"start":{"line":70,"column":0},"end":{"line":70,"column":6}},"70":{"start":{"line":71,"column":0},"end":{"line":71,"column":28}},"71":{"start":{"line":72,"column":0},"end":{"line":72,"column":4}},"73":{"start":{"line":74,"column":0},"end":{"line":74,"column":40}},"74":{"start":{"line":75,"column":0},"end":{"line":75,"column":17}},"75":{"start":{"line":76,"column":0},"end":{"line":76,"column":19}},"76":{"start":{"line":77,"column":0},"end":{"line":77,"column":28}},"77":{"start":{"line":78,"column":0},"end":{"line":78,"column":9}},"79":{"start":{"line":80,"column":0},"end":{"line":80,"column":53}},"80":{"start":{"line":81,"column":0},"end":{"line":81,"column":1}}},"s":{"0":1,"14":1,"15":27,"16":27,"18":27,"19":27,"21":27,"27":10,"28":9,"29":9,"30":7,"31":9,"33":10,"34":9,"35":7,"36":7,"37":5,"38":5,"39":5,"40":7,"42":0,"43":5,"44":5,"45":5,"46":9,"47":2,"48":2,"49":1,"50":1,"51":1,"52":9,"53":10,"54":10,"55":27,"57":27,"58":27,"59":11,"60":10,"61":9,"62":9,"63":9,"64":9,"65":9,"66":9,"67":9,"68":9,"69":11,"70":27,"71":27,"73":27,"74":2,"75":2,"76":2,"77":27,"79":27,"80":27},"branchMap":{"0":{"type":"branch","line":15,"loc":{"start":{"line":15,"column":7},"end":{"line":81,"column":1}},"locations":[{"start":{"line":15,"column":7},"end":{"line":81,"column":1}}]},"1":{"type":"branch","line":22,"loc":{"start":{"line":22,"column":12},"end":{"line":56,"column":5}},"locations":[{"start":{"line":22,"column":12},"end":{"line":56,"column":5}}]},"2":{"type":"branch","line":28,"loc":{"start":{"line":28,"column":25},"end":{"line":32,"column":6}},"locations":[{"start":{"line":28,"column":25},"end":{"line":32,"column":6}}]},"3":{"type":"branch","line":30,"loc":{"start":{"line":30,"column":21},"end":{"line":30,"column":82}},"locations":[{"start":{"line":30,"column":21},"end":{"line":30,"column":82}}]},"4":{"type":"branch","line":30,"loc":{"start":{"line":30,"column":28},"end":{"line":31,"column":72}},"locations":[{"start":{"line":30,"column":28},"end":{"line":31,"column":72}}]},"5":{"type":"branch","line":34,"loc":{"start":{"line":34,"column":20},"end":{"line":53,"column":6}},"locations":[{"start":{"line":34,"column":20},"end":{"line":53,"column":6}}]},"6":{"type":"branch","line":35,"loc":{"start":{"line":35,"column":23},"end":{"line":35,"column":55}},"locations":[{"start":{"line":35,"column":23},"end":{"line":35,"column":55}}]},"7":{"type":"branch","line":35,"loc":{"start":{"line":35,"column":55},"end":{"line":47,"column":37}},"locations":[{"start":{"line":35,"column":55},"end":{"line":47,"column":37}}]},"8":{"type":"branch","line":37,"loc":{"start":{"line":37,"column":47},"end":{"line":37,"column":54}},"locations":[{"start":{"line":37,"column":47},"end":{"line":37,"column":54}}]},"9":{"type":"branch","line":37,"loc":{"start":{"line":37,"column":47},"end":{"line":41,"column":16}},"locations":[{"start":{"line":37,"column":47},"end":{"line":41,"column":16}}]},"10":{"type":"branch","line":41,"loc":{"start":{"line":41,"column":8},"end":{"line":43,"column":9}},"locations":[{"start":{"line":41,"column":8},"end":{"line":43,"column":9}}]},"11":{"type":"branch","line":43,"loc":{"start":{"line":43,"column":8},"end":{"line":46,"column":7}},"locations":[{"start":{"line":43,"column":8},"end":{"line":46,"column":7}}]},"12":{"type":"branch","line":47,"loc":{"start":{"line":47,"column":37},"end":{"line":52,"column":7}},"locations":[{"start":{"line":47,"column":37},"end":{"line":52,"column":7}}]},"13":{"type":"branch","line":49,"loc":{"start":{"line":49,"column":47},"end":{"line":52,"column":7}},"locations":[{"start":{"line":49,"column":47},"end":{"line":52,"column":7}}]},"14":{"type":"branch","line":40,"loc":{"start":{"line":40,"column":19},"end":{"line":40,"column":54}},"locations":[{"start":{"line":40,"column":19},"end":{"line":40,"column":54}}]},"15":{"type":"branch","line":44,"loc":{"start":{"line":44,"column":19},"end":{"line":44,"column":55}},"locations":[{"start":{"line":44,"column":19},"end":{"line":44,"column":55}}]},"16":{"type":"branch","line":50,"loc":{"start":{"line":50,"column":19},"end":{"line":50,"column":55}},"locations":[{"start":{"line":50,"column":19},"end":{"line":50,"column":55}}]},"17":{"type":"branch","line":55,"loc":{"start":{"line":55,"column":11},"end":{"line":55,"column":50}},"locations":[{"start":{"line":55,"column":11},"end":{"line":55,"column":50}}]},"18":{"type":"branch","line":59,"loc":{"start":{"line":59,"column":4},"end":{"line":70,"column":6}},"locations":[{"start":{"line":59,"column":4},"end":{"line":70,"column":6}}]},"19":{"type":"branch","line":60,"loc":{"start":{"line":60,"column":27},"end":{"line":60,"column":52}},"locations":[{"start":{"line":60,"column":27},"end":{"line":60,"column":52}}]},"20":{"type":"branch","line":60,"loc":{"start":{"line":60,"column":27},"end":{"line":61,"column":55}},"locations":[{"start":{"line":60,"column":27},"end":{"line":61,"column":55}}]},"21":{"type":"branch","line":61,"loc":{"start":{"line":61,"column":29},"end":{"line":61,"column":55}},"locations":[{"start":{"line":61,"column":29},"end":{"line":61,"column":55}}]},"22":{"type":"branch","line":61,"loc":{"start":{"line":61,"column":29},"end":{"line":69,"column":9}},"locations":[{"start":{"line":61,"column":29},"end":{"line":69,"column":9}}]},"23":{"type":"branch","line":64,"loc":{"start":{"line":64,"column":17},"end":{"line":64,"column":58}},"locations":[{"start":{"line":64,"column":17},"end":{"line":64,"column":58}}]},"24":{"type":"branch","line":74,"loc":{"start":{"line":74,"column":33},"end":{"line":78,"column":5}},"locations":[{"start":{"line":74,"column":33},"end":{"line":78,"column":5}}]}},"b":{"0":[27],"1":[10],"2":[9],"3":[2],"4":[7],"5":[9],"6":[7],"7":[7],"8":[2],"9":[5],"10":[0],"11":[5],"12":[2],"13":[1],"14":[5],"15":[5],"16":[1],"17":[10],"18":[11],"19":[1],"20":[10],"21":[1],"22":[9],"23":[9],"24":[2]},"fnMap":{"0":{"name":"usePlot","decl":{"start":{"line":15,"column":7},"end":{"line":81,"column":1}},"loc":{"start":{"line":15,"column":7},"end":{"line":81,"column":1}},"line":15},"1":{"name":"isAcceptable","decl":{"start":{"line":28,"column":25},"end":{"line":32,"column":6}},"loc":{"start":{"line":28,"column":25},"end":{"line":32,"column":6}},"line":28},"2":{"name":"handler","decl":{"start":{"line":34,"column":20},"end":{"line":53,"column":6}},"loc":{"start":{"line":34,"column":20},"end":{"line":53,"column":6}},"line":34}},"f":{"0":27,"1":9,"2":9}}
,"/home/rem/repos/LizyML-Widget/js/src/hooks/useTheme.ts": {"path":"/home/rem/repos/LizyML-Widget/js/src/hooks/useTheme.ts","all":false,"statementMap":{"0":{"start":{"line":1,"column":0},"end":{"line":1,"column":76}},"6":{"start":{"line":7,"column":0},"end":{"line":7,"column":42}},"7":{"start":{"line":8,"column":0},"end":{"line":8,"column":6}},"8":{"start":{"line":9,"column":0},"end":{"line":9,"column":36}},"9":{"start":{"line":10,"column":0},"end":{"line":10,"column":61}},"10":{"start":{"line":11,"column":0},"end":{"line":11,"column":5}},"11":{"start":{"line":12,"column":0},"end":{"line":12,"column":18}},"12":{"start":{"line":13,"column":0},"end":{"line":13,"column":3}},"13":{"start":{"line":14,"column":0},"end":{"line":14,"column":17}},"14":{"start":{"line":15,"column":0},"end":{"line":15,"column":1}},"16":{"start":{"line":17,"column":0},"end":{"line":17,"column":50}},"17":{"start":{"line":18,"column":0},"end":{"line":18,"column":51}},"18":{"start":{"line":19,"column":0},"end":{"line":19,"column":1}},"20":{"start":{"line":21,"column":0},"end":{"line":21,"column":54}},"21":{"start":{"line":22,"column":0},"end":{"line":22,"column":54}},"22":{"start":{"line":23,"column":0},"end":{"line":23,"column":81}},"25":{"start":{"line":26,"column":0},"end":{"line":26,"column":19}},"26":{"start":{"line":27,"column":0},"end":{"line":27,"column":24}},"27":{"start":{"line":28,"column":0},"end":{"line":28,"column":32}},"28":{"start":{"line":29,"column":0},"end":{"line":29,"column":23}},"29":{"start":{"line":30,"column":0},"end":{"line":30,"column":49}},"33":{"start":{"line":34,"column":0},"end":{"line":34,"column":28}},"34":{"start":{"line":35,"column":0},"end":{"line":35,"column":69}},"35":{"start":{"line":36,"column":0},"end":{"line":36,"column":58}},"36":{"start":{"line":37,"column":0},"end":{"line":37,"column":48}},"37":{"start":{"line":38,"column":0},"end":{"line":38,"column":61}},"38":{"start":{"line":39,"column":0},"end":{"line":39,"column":6}},"39":{"start":{"line":40,"column":0},"end":{"line":40,"column":66}},"40":{"start":{"line":41,"column":0},"end":{"line":41,"column":60}},"41":{"start":{"line":42,"column":0},"end":{"line":42,"column":24}},"42":{"start":{"line":43,"column":0},"end":{"line":43,"column":52}},"43":{"start":{"line":44,"column":0},"end":{"line":44,"column":49}},"44":{"start":{"line":45,"column":0},"end":{"line":45,"column":50}},"45":{"start":{"line":46,"column":0},"end":{"line":46,"column":96}},"46":{"start":{"line":47,"column":0},"end":{"line":47,"column":30}},"47":{"start":{"line":48,"column":0},"end":{"line":48,"column":73}},"48":{"start":{"line":49,"column":0},"end":{"line":49,"column":77}},"49":{"start":{"line":50,"column":0},"end":{"line":50,"column":7}},"50":{"start":{"line":51,"column":0},"end":{"line":51,"column":40}},"51":{"start":{"line":52,"column":0},"end":{"line":52,"column":5}},"52":{"start":{"line":53,"column":0},"end":{"line":53,"column":18}},"53":{"start":{"line":54,"column":0},"end":{"line":54,"column":44}},"54":{"start":{"line":55,"column":0},"end":{"line":55,"column":35}},"55":{"start":{"line":56,"column":0},"end":{"line":56,"column":7}},"56":{"start":{"line":57,"column":0},"end":{"line":57,"column":6}},"57":{"start":{"line":58,"column":0},"end":{"line":58,"column":21}},"60":{"start":{"line":61,"column":0},"end":{"line":61,"column":19}},"61":{"start":{"line":62,"column":0},"end":{"line":62,"column":32}},"62":{"start":{"line":63,"column":0},"end":{"line":63,"column":65}},"63":{"start":{"line":64,"column":0},"end":{"line":64,"column":27}},"64":{"start":{"line":65,"column":0},"end":{"line":65,"column":36}},"65":{"start":{"line":66,"column":0},"end":{"line":66,"column":25}},"66":{"start":{"line":67,"column":0},"end":{"line":67,"column":63}},"67":{"start":{"line":68,"column":0},"end":{"line":68,"column":6}},"68":{"start":{"line":69,"column":0},"end":{"line":69,"column":43}},"69":{"start":{"line":70,"column":0},"end":{"line":70,"column":59}},"70":{"start":{"line":71,"column":0},"end":{"line":71,"column":21}},"72":{"start":{"line":73,"column":0},"end":{"line":73,"column":36}},"73":{"start":{"line":74,"column":0},"end":{"line":74,"column":23}},"74":{"start":{"line":75,"column":0},"end":{"line":75,"column":81}},"75":{"start":{"line":76,"column":0},"end":{"line":76,"column":49}},"76":{"start":{"line":77,"column":0},"end":{"line":77,"column":7}},"77":{"start":{"line":78,"column":0},"end":{"line":78,"column":9}},"79":{"start":{"line":80,"column":0},"end":{"line":80,"column":45}},"80":{"start":{"line":81,"column":0},"end":{"line":81,"column":1}}},"s":{"0":1,"6":12,"7":12,"8":12,"9":12,"10":12,"11":0,"12":0,"13":12,"14":12,"16":12,"17":12,"18":12,"20":1,"21":12,"22":12,"25":12,"26":9,"27":7,"28":7,"29":7,"33":7,"34":7,"35":7,"36":7,"37":7,"38":7,"39":7,"40":7,"41":7,"42":9,"43":7,"44":7,"45":0,"46":0,"47":0,"48":0,"49":0,"50":0,"51":0,"52":7,"53":7,"54":0,"55":0,"56":7,"57":12,"60":12,"61":9,"62":5,"63":5,"64":0,"65":0,"66":0,"67":0,"68":5,"69":5,"70":12,"72":12,"73":4,"74":4,"75":4,"76":4,"77":12,"79":12,"80":12},"branchMap":{"0":{"type":"branch","line":7,"loc":{"start":{"line":7,"column":0},"end":{"line":15,"column":1}},"locations":[{"start":{"line":7,"column":0},"end":{"line":15,"column":1}}]},"1":{"type":"branch","line":11,"loc":{"start":{"line":11,"column":4},"end":{"line":13,"column":3}},"locations":[{"start":{"line":11,"column":4},"end":{"line":13,"column":3}}]},"2":{"type":"branch","line":17,"loc":{"start":{"line":17,"column":0},"end":{"line":19,"column":1}},"locations":[{"start":{"line":17,"column":0},"end":{"line":19,"column":1}}]},"3":{"type":"branch","line":18,"loc":{"start":{"line":18,"column":18},"end":{"line":18,"column":46}},"locations":[{"start":{"line":18,"column":18},"end":{"line":18,"column":46}}]},"4":{"type":"branch","line":18,"loc":{"start":{"line":18,"column":42},"end":{"line":18,"column":51}},"locations":[{"start":{"line":18,"column":42},"end":{"line":18,"column":51}}]},"5":{"type":"branch","line":21,"loc":{"start":{"line":21,"column":7},"end":{"line":81,"column":1}},"locations":[{"start":{"line":21,"column":7},"end":{"line":81,"column":1}}]},"6":{"type":"branch","line":23,"loc":{"start":{"line":23,"column":58},"end":{"line":23,"column":79}},"locations":[{"start":{"line":23,"column":58},"end":{"line":23,"column":79}}]},"7":{"type":"branch","line":26,"loc":{"start":{"line":26,"column":12},"end":{"line":58,"column":5}},"locations":[{"start":{"line":26,"column":12},"end":{"line":58,"column":5}}]},"8":{"type":"branch","line":27,"loc":{"start":{"line":27,"column":17},"end":{"line":27,"column":24}},"locations":[{"start":{"line":27,"column":17},"end":{"line":27,"column":24}}]},"9":{"type":"branch","line":27,"loc":{"start":{"line":27,"column":17},"end":{"line":43,"column":46}},"locations":[{"start":{"line":27,"column":17},"end":{"line":43,"column":46}}]},"10":{"type":"branch","line":43,"loc":{"start":{"line":43,"column":51},"end":{"line":57,"column":6}},"locations":[{"start":{"line":43,"column":51},"end":{"line":57,"column":6}}]},"11":{"type":"branch","line":45,"loc":{"start":{"line":45,"column":18},"end":{"line":45,"column":44}},"locations":[{"start":{"line":45,"column":18},"end":{"line":45,"column":44}}]},"12":{"type":"branch","line":45,"loc":{"start":{"line":45,"column":44},"end":{"line":52,"column":5}},"locations":[{"start":{"line":45,"column":44},"end":{"line":52,"column":5}}]},"13":{"type":"branch","line":53,"loc":{"start":{"line":53,"column":11},"end":{"line":57,"column":6}},"locations":[{"start":{"line":53,"column":11},"end":{"line":57,"column":6}}]},"14":{"type":"branch","line":54,"loc":{"start":{"line":54,"column":43},"end":{"line":56,"column":7}},"locations":[{"start":{"line":54,"column":43},"end":{"line":56,"column":7}}]},"15":{"type":"branch","line":61,"loc":{"start":{"line":61,"column":12},"end":{"line":71,"column":5}},"locations":[{"start":{"line":61,"column":12},"end":{"line":71,"column":5}}]},"16":{"type":"branch","line":62,"loc":{"start":{"line":62,"column":25},"end":{"line":62,"column":32}},"locations":[{"start":{"line":62,"column":25},"end":{"line":62,"column":32}}]},"17":{"type":"branch","line":62,"loc":{"start":{"line":62,"column":25},"end":{"line":70,"column":59}},"locations":[{"start":{"line":62,"column":25},"end":{"line":70,"column":59}}]},"18":{"type":"branch","line":70,"loc":{"start":{"line":70,"column":11},"end":{"line":70,"column":59}},"locations":[{"start":{"line":70,"column":11},"end":{"line":70,"column":59}}]},"19":{"type":"branch","line":73,"loc":{"start":{"line":73,"column":29},"end":{"line":78,"column":5}},"locations":[{"start":{"line":73,"column":29},"end":{"line":78,"column":5}}]},"20":{"type":"branch","line":74,"loc":{"start":{"line":74,"column":12},"end":{"line":77,"column":5}},"locations":[{"start":{"line":74,"column":12},"end":{"line":77,"column":5}}]},"21":{"type":"branch","line":75,"loc":{"start":{"line":75,"column":27},"end":{"line":75,"column":81}},"locations":[{"start":{"line":75,"column":27},"end":{"line":75,"column":81}}]},"22":{"type":"branch","line":75,"loc":{"start":{"line":75,"column":55},"end":{"line":75,"column":74}},"locations":[{"start":{"line":75,"column":55},"end":{"line":75,"column":74}}]},"23":{"type":"branch","line":75,"loc":{"start":{"line":75,"column":74},"end":{"line":76,"column":32}},"locations":[{"start":{"line":75,"column":74},"end":{"line":76,"column":32}}]},"24":{"type":"branch","line":76,"loc":{"start":{"line":76,"column":22},"end":{"line":76,"column":41}},"locations":[{"start":{"line":76,"column":22},"end":{"line":76,"column":41}}]},"25":{"type":"branch","line":76,"loc":{"start":{"line":76,"column":32},"end":{"line":76,"column":49}},"locations":[{"start":{"line":76,"column":32},"end":{"line":76,"column":49}}]}},"b":{"0":[12],"1":[0],"2":[12],"3":[9],"4":[3],"5":[12],"6":[5],"7":[9],"8":[2],"9":[7],"10":[7],"11":[0],"12":[0],"13":[7],"14":[0],"15":[9],"16":[4],"17":[5],"18":[5],"19":[4],"20":[4],"21":[3],"22":[0],"23":[1],"24":[0],"25":[1]},"fnMap":{"0":{"name":"getSystemTheme","decl":{"start":{"line":7,"column":0},"end":{"line":15,"column":1}},"loc":{"start":{"line":7,"column":0},"end":{"line":15,"column":1}},"line":7},"1":{"name":"resolve","decl":{"start":{"line":17,"column":0},"end":{"line":19,"column":1}},"loc":{"start":{"line":17,"column":0},"end":{"line":19,"column":1}},"line":17},"2":{"name":"useTheme","decl":{"start":{"line":21,"column":7},"end":{"line":81,"column":1}},"loc":{"start":{"line":21,"column":7},"end":{"line":81,"column":1}},"line":21},"3":{"name":"handler","decl":{"start":{"line":64,"column":20},"end":{"line":68,"column":6}},"loc":{"start":{"line":64,"column":20},"end":{"line":68,"column":6}},"line":64}},"f":{"0":12,"1":12,"2":12,"3":0}}
}
